pydev debugger: process 82581 is connecting

opencv bindings import failed; disabled

Loading data for 20121116_150819_EPM_BW_229
Exception: No directories found inside analysis directory for: 20121116_150819_EPM_BW_229

Loading data for 20121116_150819_EPM_BW_229_F
Exception: No analysis directory found for: 20121116_150819_EPM_BW_229_F

Loading data for 20121116_153006_EPM_BW_224
Exception: No analysis directory found for: 20121116_153006_EPM_BW_224

Loading data for 20121116_153006_EPM_BW_224_F
Traceback (most recent call last):
  File "/Applications/PyCharm CE.app/Contents/helpers/pydev/pydevd.py", line 1664, in <module>
    main()
  File "/Applications/PyCharm CE.app/Contents/helpers/pydev/pydevd.py", line 1658, in main
    globals = debugger.run(setup['file'], None, None, is_module)
  File "/Applications/PyCharm CE.app/Contents/helpers/pydev/pydevd.py", line 1068, in run
    pydev_imports.execfile(file, globals, locals)  # execute the script
  File "/Users/joshfeldman/Desktop/Projects/mice_behavior_capstone/process_data/process_data.py", line 119, in <module>
    main()
  File "/Users/joshfeldman/Desktop/Projects/mice_behavior_capstone/process_data/process_data.py", line 109, in main
    mouseResults = process_directory(parentDirectory, mouseDirectory)
  File "/Users/joshfeldman/Desktop/Projects/mice_behavior_capstone/process_data/process_data.py", line 42, in process_directory
    mice_ols, zones_masks, shape = load_data(conditions_folder_path, start_frame, end_frame)
  File "/Users/joshfeldman/Desktop/Projects/mice_behavior_capstone/process_data/EPM_analysis.py", line 34, in load_data
    ols = Util.tar2obj(m.name, tarh)
  File "/Users/joshfeldman/Desktop/Projects/mice_behavior_capstone/process_data/Util.py", line 34, in tar2obj
    obj = eval_fn(objstr)
  File "<string>", line 1, in <module>
  File "_pydevd_bundle/pydevd_cython_darwin_27_64.pyx", line 1024, in _pydevd_bundle.pydevd_cython_darwin_27_64.ThreadTracer.__call__
  File "/Applications/PyCharm CE.app/Contents/helpers/pydev/_pydev_bundle/pydev_is_thread_alive.py", line 14, in is_thread_alive
    def is_thread_alive(t):
KeyboardInterrupt
